1557455178.109301 client started (17635): version 2.6, socket /tmp/tmux-1000/default, protocol 8
1557455178.109353 on Linux 4.15.0-48-generic #51-Ubuntu SMP Wed Apr 3 08:28:49 UTC 2019; libevent 2.1.8-stable (poll)
1557455178.109394 socket is /tmp/tmux-1000/default
1557455178.109416 trying connect
1557455178.109554 add peer 0x558ec6467320: 6 ((nil))
1557455178.109653 sending message 100 to peer 0x558ec6467320 (4 bytes)
1557455178.109673 sending message 101 to peer 0x558ec6467320 (7 bytes)
1557455178.109685 sending message 102 to peer 0x558ec6467320 (11 bytes)
1557455178.109695 sending message 108 to peer 0x558ec6467320 (35 bytes)
1557455178.109708 sending message 104 to peer 0x558ec6467320 (0 bytes)
1557455178.109721 sending message 107 to peer 0x558ec6467320 (4 bytes)
1557455178.109732 sending message 105 to peer 0x558ec6467320 (14 bytes)
1557455178.109743 sending message 105 to peer 0x558ec6467320 (54 bytes)
1557455178.109753 sending message 105 to peer 0x558ec6467320 (15 bytes)
1557455178.109763 sending message 105 to peer 0x558ec6467320 (17 bytes)
1557455178.109773 sending message 105 to peer 0x558ec6467320 (23 bytes)
1557455178.109783 sending message 105 to peer 0x558ec6467320 (21 bytes)
1557455178.109793 sending message 105 to peer 0x558ec6467320 (30 bytes)
1557455178.109803 sending message 105 to peer 0x558ec6467320 (27 bytes)
1557455178.109818 sending message 105 to peer 0x558ec6467320 (24 bytes)
1557455178.109829 sending message 105 to peer 0x558ec6467320 (20 bytes)
1557455178.109839 sending message 105 to peer 0x558ec6467320 (23 bytes)
1557455178.109849 sending message 105 to peer 0x558ec6467320 (21 bytes)
1557455178.109860 sending message 105 to peer 0x558ec6467320 (25 bytes)
1557455178.109870 sending message 105 to peer 0x558ec6467320 (20 bytes)
1557455178.109880 sending message 105 to peer 0x558ec6467320 (61 bytes)
1557455178.109890 sending message 105 to peer 0x558ec6467320 (8 bytes)
1557455178.109900 sending message 105 to peer 0x558ec6467320 (12 bytes)
1557455178.109911 sending message 105 to peer 0x558ec6467320 (32 bytes)
1557455178.109922 sending message 105 to peer 0x558ec6467320 (1516 bytes)
1557455178.109953 sending message 105 to peer 0x558ec6467320 (19 bytes)
1557455178.109965 sending message 105 to peer 0x558ec6467320 (17 bytes)
1557455178.109976 sending message 105 to peer 0x558ec6467320 (11 bytes)
1557455178.109987 sending message 105 to peer 0x558ec6467320 (192 bytes)
1557455178.109999 sending message 105 to peer 0x558ec6467320 (39 bytes)
1557455178.110009 sending message 105 to peer 0x558ec6467320 (15 bytes)
1557455178.110020 sending message 105 to peer 0x558ec6467320 (8 bytes)
1557455178.110031 sending message 105 to peer 0x558ec6467320 (30 bytes)
1557455178.110041 sending message 105 to peer 0x558ec6467320 (44 bytes)
1557455178.110053 sending message 105 to peer 0x558ec6467320 (19 bytes)
1557455178.110064 sending message 105 to peer 0x558ec6467320 (12 bytes)
1557455178.110074 sending message 105 to peer 0x558ec6467320 (36 bytes)
1557455178.110084 sending message 105 to peer 0x558ec6467320 (13 bytes)
1557455178.110102 sending message 105 to peer 0x558ec6467320 (9 bytes)
1557455178.110104 sending message 105 to peer 0x558ec6467320 (31 bytes)
1557455178.110107 sending message 105 to peer 0x558ec6467320 (18 bytes)
1557455178.110109 sending message 105 to peer 0x558ec6467320 (25 bytes)
1557455178.110111 sending message 105 to peer 0x558ec6467320 (16 bytes)
1557455178.110114 sending message 105 to peer 0x558ec6467320 (16 bytes)
1557455178.110116 sending message 106 to peer 0x558ec6467320 (0 bytes)
1557455178.110118 sending message 200 to peer 0x558ec6467320 (4 bytes)
1557455178.110121 client loop enter
1557455178.110482 peer 0x558ec6467320 message 211
1557455178.110505 peer 0x558ec6467320 message 203
1557455178.110523 client loop exit
